1513525165008	geckodriver	INFO	geckodriver 0.19.1
1513525165018	geckodriver	INFO	Listening on 127.0.0.1:52492
1513525167497	mozrunner::runner	INFO	Running command: "C:\\Program Files (x86)\\Mozilla Firefox\\firefox.exe" "-marionette" "-profile" "C:\\Users\\alone\\AppData\\Local\\Temp\\rust_mozprofile.qPKyaromAL3h"
1513525170335	Marionette	INFO	Enabled via --marionette
[Child 5172, Chrome_ChildThread] WARNING: pipe error: 109: file z:/build/build/src/ipc/chromium/src/chrome/common/ipc_channel_win.cc, line 346
[Child 5172, Chrome_ChildThread] WARNING: pipe error: 109: file z:/build/build/src/ipc/chromium/src/chrome/common/ipc_channel_win.cc, line 346
1513525176240	Marionette	INFO	Listening on port 52508
1513525177485	Marionette	WARN	TLS certificate errors will be ignored for this session
1513525177570	Marionette	DEBUG	Register listener.js for window 4294967297
1513525177637	Marionette	DEBUG	Received DOM event "beforeunload" for "about:blank"
1513525179676	Marionette	DEBUG	Received DOM event "beforeunload" for "about:blank"
1513525179693	Marionette	DEBUG	Received DOM event "pagehide" for "about:blank"
1513525179693	Marionette	DEBUG	Received DOM event "unload" for "about:blank"
1513525179827	Marionette	DEBUG	Received DOM event "DOMContentLoaded" for "about:neterror?e=connectionFailure&u=http%3A//localhost%3A8000/&c=UTF-8&f=regular&d=Firefox%20can%E2%80%99t%20establish%20a%20connection%20to%20the%20server%20at%20localhost%3A8000."
JavaScript error: jar:file:///C:/Program%20Files%20(x86)/Mozilla%20Firefox/omni.ja!/components/nsSearchService.js, line 1737: NS_ERROR_NOT_AVAILABLE: Component returned failure code: 0x80040111 (NS_ERROR_NOT_AVAILABLE) [nsIChannel.contentType]
[Child 5640, Chrome_ChildThread] WARNING: pipe error: 109: file z:/build/build/src/ipc/chromium/src/chrome/common/ipc_channel_win.cc, line 346
[Child 5640, Chrome_ChildThread] WARNING: pipe error: 109: file z:/build/build/src/ipc/chromium/src/chrome/common/ipc_channel_win.cc, line 346
[Child 1104, Chrome_ChildThread] WARNING: pipe error: 109: file z:/build/build/src/ipc/chromium/src/chrome/common/ipc_channel_win.cc, line 346
[Child 1104, Chrome_ChildThread] WARNING: pipe error: 109: file z:/build/build/src/ipc/chromium/src/chrome/common/ipc_channel_win.cc, line 346
*** UTM:SVC TimerManager:registerTimer called after profile-before-change notification. Ignoring timer registration for id: telemetry_modules_ping
JavaScript error: jar:file:///C:/Program%20Files%20(x86)/Mozilla%20Firefox/omni.ja!/components/nsSearchService.js, line 768: NS_ERROR_NOT_AVAILABLE: Component returned failure code: 0x80040111 (NS_ERROR_NOT_AVAILABLE) [nsICryptoHash.init]
JavaScript error: jar:file:///C:/Program%20Files%20(x86)/Mozilla%20Firefox/omni.ja!/components/nsSearchService.js, line 768: NS_ERROR_NOT_AVAILABLE: Component returned failure code: 0x80040111 (NS_ERROR_NOT_AVAILABLE) [nsICryptoHash.init]
[GPU 6812, Chrome_ChildThread] WARNING: pipe error: 109: file z:/build/build/src/ipc/chromium/src/chrome/common/ipc_channel_win.cc, line 346

###!!! [Child][MessageChannel::SendAndWait] Error: Channel error: cannot send/recv

1514862733904	geckodriver	INFO	geckodriver 0.19.1
1514862733920	geckodriver	INFO	Listening on 127.0.0.1:54811
1514862736340	mozrunner::runner	INFO	Running command: "C:\\Program Files (x86)\\Mozilla Firefox\\firefox.exe" "-marionette" "-profile" "C:\\Users\\alone\\AppData\\Local\\Temp\\rust_mozprofile.WSnQiYhYaceD"
1514862737752	Marionette	INFO	Enabled via --marionette
1514862743478	Marionette	INFO	Listening on port 54817
1514862743868	Marionette	WARN	TLS certificate errors will be ignored for this session
1514862744046	Marionette	DEBUG	Register listener.js for window 4294967297
1514862744524	Marionette	DEBUG	Received DOM event "beforeunload" for "about:blank"
1514862746577	Marionette	DEBUG	Received DOM event "beforeunload" for "about:blank"
1514862746579	Marionette	DEBUG	Received DOM event "pagehide" for "about:blank"
1514862746579	Marionette	DEBUG	Received DOM event "unload" for "about:blank"
1514862746633	Marionette	DEBUG	Received DOM event "DOMContentLoaded" for "about:neterror?e=connectionFailure&u=http%3A//localhost%3A8000/&c=UTF-8&f=regular&d=Firefox%20can%E2%80%99t%20establish%20a%20connection%20to%20the%20server%20at%20localhost%3A8000."
[Parent 18776, Gecko_IOThread] WARNING: pipe error: 109: file z:/build/build/src/ipc/chromium/src/chrome/common/ipc_channel_win.cc, line 346
JavaScript error: jar:file:///C:/Program%20Files%20(x86)/Mozilla%20Firefox/omni.ja!/components/nsSearchService.js, line 768: NS_ERROR_NOT_AVAILABLE: Component returned failure code: 0x80040111 (NS_ERROR_NOT_AVAILABLE) [nsICryptoHash.init]
JavaScript error: jar:file:///C:/Program%20Files%20(x86)/Mozilla%20Firefox/omni.ja!/components/nsSearchService.js, line 768: NS_ERROR_NOT_AVAILABLE: Component returned failure code: 0x80040111 (NS_ERROR_NOT_AVAILABLE) [nsICryptoHash.init]

###!!! [Child][MessageChannel::SendAndWait] Error: Channel error: cannot send/recv

for window 4294967297
1514862801953	Marionette	DEBUG	Received DOM event "beforeunload" for "about:blank"
1514862802457	Marionette	DEBUG	Received DOM event "pagehide" for "about:blank"
1514862802457	Marionette	DEBUG	Received DOM event "unload" for "about:blank"
1514862802466	Marionette	DEBUG	Received DOM event "DOMContentLoaded" for "http://localhost:8000/"
1514862802755	Marionette	DEBUG	Received DOM event "pageshow" for "http://localhost:8000/"
JavaScript error: jar:file:///C:/Program%20Files%20(x86)/Mozilla%20Firefox/omni.ja!/components/nsSearchService.js, line 1737: NS_ERROR_NOT_AVAILABLE: Component returned failure code: 0x80040111 (NS_ERROR_NOT_AVAILABLE) [nsIChannel.contentType]
[Child 4884, Chrome_ChildThread] WARNING: pipe error: 109: file z:/build/build/src/ipc/chromium/src/chrome/common/ipc_channel_win.cc, line 346
[Child 4884, Chrome_ChildThread] WARNING: pipe error: 109: file z:/build/build/src/ipc/chromium/src/chrome/common/ipc_channel_win.cc, line 346
[Child 14240, Chrome_ChildThread] WARNING: pipe error: 109: file z:/build/build/src/ipc/chromium/src/chrome/common/ipc_channel_win.cc, line 346
JavaScript error: jar:file:///C:/Program%20Files%20(x86)/Mozilla%20Firefox/omni.ja!/components/nsSearchService.js, line 768: NS_ERROR_NOT_AVAILABLE: Component returned failure code: 0x80040111 (NS_ERROR_NOT_AVAILABLE) [nsICryptoHash.init]
JavaScript error: jar:file:///C:/Program%20Files%20(x86)/Mozilla%20Firefox/omni.ja!/components/nsSearchService.js, line 768: NS_ERROR_NOT_AVAILABLE: Component returned failure code: 0x80040111 (NS_ERROR_NOT_AVAILABLE) [nsICryptoHash.init]

###!!! [Child][MessageChannel::SendAndWait] Error: Channel error: cannot send/recv

G	Received DOM event "DOMContentLoaded" for "http://localhost:8000/"
1514863134937	Marionette	DEBUG	Received DOM event "pageshow" for "http://localhost:8000/"
[Child 14112, Chrome_ChildThread] WARNING: pipe error: 109: file z:/build/build/src/ipc/chromium/src/chrome/common/ipc_channel_win.cc, line 346
[Child 14112, Chrome_ChildThread] WARNING: pipe error: 109: file z:/build/build/src/ipc/chromium/src/chrome/common/ipc_channel_win.cc, line 346
JavaScript warning: https://www.wordhippo.com/what-is/the-past-tense-of/meet.html, line 992: unreachable code after return statement
[Child 10664, Chrome_ChildThread] WARNING: pipe error: 109: file z:/build/build/src/ipc/chromium/src/chrome/common/ipc_channel_win.cc, line 346
[Child 10664, Chrome_ChildThread] WARNING: pipe error: 109: file z:/build/build/src/ipc/chromium/src/chrome/common/ipc_channel_win.cc, line 346
[Child 13364, Chrome_ChildThread] WARNING: pipe error: 109: file z:/build/build/src/ipc/chromium/src/chrome/common/ipc_channel_win.cc, line 346
[Child 13364, Chrome_ChildThread] WARNING: pipe error: 109: file z:/build/build/src/ipc/chromium/src/chrome/common/ipc_channel_win.cc, line 346
[Child 16156, Chrome_ChildThread] WARNING: pipe error: 109: file z:/build/build/src/ipc/chromium/src/chrome/common/ipc_channel_win.cc, line 346
[Child 12180, Chrome_ChildThread] WARNING: pipe error: 109: file z:/build/build/src/ipc/chromium/src/chrome/common/ipc_channel_win.cc, line 346
[Child 12180, Chrome_ChildThread] WARNING: pipe error: 109: file z:/build/build/src/ipc/chromium/src/chrome/common/ipc_channel_win.cc, line 346
[Child 6668, Chrome_ChildThread] WARNING: pipe error: 109: file z:/build/build/src/ipc/chromium/src/chrome/common/ipc_channel_win.cc, line 346
[Child 6668, Chrome_ChildThread] WARNING: pipe error: 109: file z:/build/build/src/ipc/chromium/src/chrome/common/ipc_channel_win.cc, line 346
